<?xml version="1.0" encoding="UTF-8"?>
<!-- Generated by org.testng.reporters.JUnitReportReporter -->
<testsuite hostname="DESKTOP-AP99TDA" failures="0" tests="1" name="jenkinssamp.samp" time="7.794" errors="0" timestamp="2019-09-25T15:11:16 PDT" skipped="0">
  <testcase classname="jenkinssamp.samp" name="print" time="7.794"/>
</testsuite> <!-- jenkinssamp.samp -->
