<?xml version="1.0" encoding="UTF-8"?>
<!-- Generated by org.testng.reporters.JUnitReportReporter -->
<testsuite hostname="DESKTOP-AP99TDA" failures="0" tests="2" name="jenkinssamp.samp" time="11.303" errors="0" timestamp="2019-09-25T16:18:00 PDT" skipped="0">
  <testcase classname="jenkinssamp.samp" name="print" time="7.317"/>
  <testcase classname="jenkinssamp.samp" name="print" time="3.986"/>
</testsuite> <!-- jenkinssamp.samp -->
